188#00000000
244#0000000116
244#00000001D3
244#00000001A6
244#00000001A3
244#00000001B4
244#000000018E
244#000000015F
244#0000000103
244#0000000181
244#000000015F
244#0000000173
244#0000000183
244#0000000149
188#00000000
244#00000001E0
244#00000001D6
244#0000000145
244#00000001E9
244#00000001F9
244#0000000185
244#00000001AB
244#00000001E0
244#0000000157
244#00000001BD
244#0000000188
244#0000000189
244#00000001C0
244#000000019E
244#00000001E3
244#0000000123
244#00000001FC
244#00000001C0
244#0000000155
244#00000001EB
244#0000000182
244#0000000195
244#000000013B
244#000000012B
244#0000000191
244#000000015A
244#0000000148
244#000000018E
244#00000001EA
244#00000001E7
244#0000000174
244#0000000167
244#0000000159
244#00000001D5
244#00000001ED
244#000000016F
244#00000001F7
244#00000001B4
244#00000001EC
188#00000000
244#00000001EB
244#000000010D
244#0000000110
244#0000000110
244#000000016A
244#00000001CA
244#0000000110
244#00000001A9
244#00000001E2
244#00000001EC
244#000000019B
244#000000016B
244#000000018A
244#00000001CD
244#00000001C2
244#0000000151
244#000000017A
244#0000000139
244#0000000137
244#00000001A4
244#00000001C0
244#000000013A
244#0000000133
244#0000000142
244#00000001B1
244#00000001A6
244#000000014B
244#00000001BC
244#00000001B9
244#000000019D
244#00000001C4
244#0000000140
244#0000000146
244#00000001F0
244#000000016E
244#00000001CD
244#0000000157
188#00000000
244#000000019A
244#0000000192
244#0000000155
244#0000000122
244#00000001CA
244#00000001DC
244#0000000148
244#00000001B3
244#000000013B
244#0000000136
244#00000001C9
244#0000000191
244#000000018A
244#000000018A
244#00000001ED
244#0000000161
244#00000001D9
244#000000014B
244#00000001AF
244#000000019B
244#0000000134
244#0000000187
244#00000001F0
244#000000016E
244#00000001E8
244#000000014D
188#00000000
244#00000001D0
244#0000000175
244#0000000157
244#00000001B9
244#00000001E8
244#000000018E
244#00000001E8
244#000000015A
244#00000001CC
244#00000001CE
244#00000001D3
244#0000000130
188#00000000
244#000000011D
244#000000012A
244#0000000103
244#0000000102
244#0000000157
244#00000001AA
244#00000001A8
244#0000000160
244#0000000127
244#000000011E
244#0000000149
244#00000001F2
244#0000000155
244#000000011A
244#0000000115
244#0000000162
244#0000000012
244#0000000024
244#0000000036
244#0000000048
244#000000005A
244#000000006C
244#000000007E
244#0000000090
244#00000000A2
244#00000000B5
188#00000000
244#00000000C7
244#00000000D9
244#00000000EB
244#00000000FD
244#000000010F
244#0000000121
244#0000000133
244#0000000145
244#0000000157
244#000000016A
244#000000017C
244#000000018E
244#00000001A0
244#00000001B2
244#00000001C4
244#00000001D6
244#00000001E8
244#00000001FA
244#000000020D
244#000000021F
244#0000000231
244#0000000243
244#0000000255
244#0000000267
244#0000000279
244#000000028B
244#000000029D
244#00000002AF
244#00000002C2
244#00000002D4
244#00000002E6
244#00000002F8
244#000000030A
244#000000031C
244#000000032E
244#0000000340
188#00000000
244#0000000352
244#0000000365
244#0000000377
244#0000000389
244#000000039B
244#00000003AD
244#00000003BF
244#00000003D1
244#00000003E3
244#00000003F5
244#0000000407
244#000000041A
244#000000042C
244#000000043E
244#0000000450
244#0000000462
244#0000000474
244#0000000486
244#0000000498
244#00000004AA
244#00000004BD
244#00000004CF
244#00000004E1
244#00000004F3
244#0000000505
244#0000000517
244#0000000529
244#000000053B
244#000000054D
244#000000055F
244#0000000572
244#0000000584
244#0000000596
244#00000005A8
244#00000005BA
244#00000005CC
244#00000005DE
188#00000000
244#00000005F0
244#0000000602
244#0000000615
244#0000000627
244#0000000639
244#000000064B
244#000000065D
244#000000066F
244#0000000681
244#0000000693
244#00000006A5
244#00000006B7
244#00000006CA
244#00000006DC
244#00000006EE
244#0000000700
244#0000000712
244#0000000724
244#0000000736
244#0000000748
244#000000075A
244#000000076D
244#000000077F
244#0000000791
244#00000007A3
244#00000007B5
244#00000007C7
244#00000007D9
244#00000007EB
244#00000007FD
244#000000080F
244#0000000822
244#0000000834
188#00000000
244#0000000846
244#0000000858
244#000000086A
244#000000087C
244#000000088E
244#00000008A0
244#00000008B2
244#00000008C5
244#00000008D7
244#00000008E9
19B#000000000000
244#00000008FB
244#000000090D
244#000000091F
244#0000000931
244#0000000943
244#0000000955
244#0000000967
244#000000097A
244#000000098C
244#000000099E
244#00000009B0
244#00000009C2
244#00000009D4
244#00000009E6
244#00000009F8
244#0000000A0A
244#0000000A1D
244#0000000A2F
244#0000000A41
244#0000000A53
244#0000000A65
244#0000000A77
244#0000000A89
244#0000000A9B
244#0000000AAD
244#0000000ABF
244#0000000AD2
244#0000000AE4
188#00000000
244#0000000AF6
244#0000000B08
244#0000000B1A
244#0000000B2C
244#0000000B3E
244#0000000B50
244#0000000B62
244#0000000B75
244#0000000B87
244#0000000B99
244#0000000BAB
244#0000000BBD
244#0000000BCF
244#0000000BE1
244#0000000BF3
244#0000000C05
244#0000000C17
244#0000000C2A
244#0000000C3C
244#0000000C4E
244#0000000C60
244#0000000C72
244#0000000C84
244#0000000C96
244#0000000CA8
244#0000000CBA
244#0000000CCD
244#0000000CDF
244#0000000CF1
244#0000000D03
244#0000000D15
244#0000000D27
244#0000000D39
244#0000000D4B
244#0000000D5D
244#0000000D6F
244#0000000D82
188#00000000
244#0000000D94
244#0000000DA6
244#0000000DB8
244#0000000DCA
244#0000000DDC
244#0000000DEE
244#0000000E00
244#0000000E12
244#0000000E24
244#0000000E37
244#0000000E49
244#0000000E5B
244#0000000E6D
244#0000000E7F
244#0000000E91
244#0000000EA3
244#0000000EB5
244#0000000EC7
244#0000000EDA
244#0000000EEC
244#0000000EFE
244#0000000F10
244#0000000F22
244#0000000F34
244#0000000F46
244#0000000F58
244#0000000F6A
244#0000000F7C
244#0000000F8F
244#0000000FA1
244#0000000FB3
244#0000000FC5
244#0000000FD7
244#0000000FE9
244#0000000FFB
244#000000100D
244#000000101F
244#0000001032
188#00000000
244#0000001044
244#0000001056
244#0000001068
244#000000107A
244#000000108C
244#000000109E
244#00000010B0
244#00000010C2
244#00000010D4
244#00000010E7
244#00000010F9
244#000000110B
244#000000111D
244#000000112F
244#0000001141
244#0000001153
244#0000001165
244#0000001177
244#000000118A
244#000000119C
244#00000011AE
244#00000011C0
244#00000011D2
244#00000011E4
244#00000011F6
244#0000001208
244#000000121A
244#000000122C
244#000000123F
244#0000001251
244#0000001263
244#0000001275
244#0000001287
244#0000001299
244#00000012AB
244#00000012BD
188#00000000
244#00000012CF
244#00000012E2
244#00000012F4
244#0000001306
244#0000001318
244#000000132A
244#000000133C
244#000000134E
244#0000001360
244#0000001372
244#0000001384
244#0000001397
244#00000013A9
244#00000013BB
244#00000013CD
244#00000013DF
244#00000013F1
244#0000001403
244#0000001415
244#0000001427
244#000000143A
244#000000144C
244#000000145E
244#0000001470
244#0000001482
244#0000001494
244#00000014A6
244#00000014B8
244#00000014CA
244#00000014DC
244#00000014EF
244#0000001501
244#0000001513
244#0000001525
244#0000001537
244#0000001549
244#000000155B
244#000000156D
188#00000000
244#000000157F
244#0000001592
244#00000015A4
244#00000015B6
244#00000015C8
244#00000015DA
244#00000015EC
244#00000015FE
244#0000001610
244#0000001622
244#0000001634
244#0000001647
244#0000001659
244#000000166B
244#000000167D
244#000000168F
244#00000016A1
244#00000016B3
244#00000016C5
244#00000016D7
244#00000016EA
244#00000016FC
244#000000170E
244#0000001720
244#0000001732
244#0000001744
244#0000001756
244#0000001768
244#000000177A
244#000000178C
244#000000179F
244#00000017B1
244#00000017C3
244#00000017D5
244#00000017E7
244#00000017F9
244#000000180B
188#00000000
244#000000181D
244#000000182F
244#0000001841
244#0000001854
244#0000001866
244#0000001878
244#000000188A
244#000000189C
244#00000018AE
244#00000018C0
244#00000018D2
244#00000018E4
244#00000018F7
244#0000001909
244#000000191B
244#000000192D
244#000000193F
244#0000001951
244#0000001963
244#0000001975
244#0000001987
244#0000001999
244#00000019AC
244#00000019BE
244#00000019D0
244#00000019E2
244#00000019F4
244#0000001A06
244#0000001A18
244#0000001A2A
244#0000001A3C
244#0000001A4F
244#0000001A61
244#0000001A73
244#0000001A85
244#0000001A97
244#0000001AA9
188#00000000
244#0000001ABB
244#0000001ACD
244#0000001ADF
244#0000001AF1
244#0000001B04
244#0000001B16
244#0000001B28
244#0000001B3A
244#0000001B4C
244#0000001B5E
244#0000001B70
244#0000001B82
244#0000001B94
244#0000001BA7
244#0000001BB9
244#0000001BCB
244#0000001BDD
244#0000001BEF
244#0000001C01
244#0000001C13
244#0000001C25
244#0000001C37
244#0000001C49
244#0000001C5C
244#0000001C6E
244#0000001C80
244#0000001C92
244#0000001CA4
244#0000001CB6
244#0000001CC8
244#0000001CDA
244#0000001CEC
244#0000001CFF
244#0000001D11
244#0000001D23
244#0000001D35
244#0000001D47
244#0000001D59
244#0000001D6B
188#00000000
244#0000001D7D
244#0000001D8F
244#0000001DA1
244#0000001DB4
244#0000001DC6
244#0000001DD8
244#0000001DEA
244#0000001DFC
244#0000001E0E
244#0000001E20
244#0000001E32
244#0000001E44
244#0000001E57
244#0000001E69
244#0000001E7B
244#0000001E8D
244#0000001E9F
244#0000001EB1
244#0000001EC3
244#0000001ED5
244#0000001EE7
244#0000001EF9
244#0000001F0C
244#0000001F1E
244#0000001F30
244#0000001F42
244#0000001F54
244#0000001F66
244#0000001F78
244#0000001F8A
244#0000001F9C
244#0000001FAF
244#0000001FC1
244#0000001FD3
244#0000001FE5
244#0000001FF7
244#0000002009
244#000000201B
244#000000202D
188#00000000
244#000000203F
244#0000002051
244#0000002064
244#0000002076
244#0000002088
244#000000209A
244#00000020AC
244#00000020BE
244#00000020D0
244#00000020E2
244#00000020F4
244#0000002107
244#0000002119
244#000000212B
244#000000213D
244#000000214F
244#0000002161
244#0000002173
244#0000002185
244#0000002197
244#00000021A9
244#00000021BC
244#00000021CE
244#00000021E0
244#00000021F2
244#0000002204
244#0000002216
244#0000002228
244#000000223A
244#000000224C
244#000000225E
244#0000002271
244#0000002283
244#0000002295
244#00000022A7
244#00000022B9
244#00000022CB
244#00000022DD
244#00000022EF
188#00000000
244#0000002301
244#0000002314
244#0000002326
244#0000002338
244#000000234A
244#000000235C
244#000000236E
244#0000002380
244#0000002392
244#00000023A4
244#00000023B6
244#00000023C9
244#00000023DB
244#00000023ED
244#00000023FF
244#0000002411
244#0000002423
244#0000002435
244#0000002447
244#0000002459
244#000000246C
244#000000247E
244#0000002490
244#00000024A2
244#00000024B4
244#00000024C6
244#00000024D8
244#00000024EA
244#00000024FC
244#000000250E
244#0000002521
244#0000002533
244#0000002545
244#0000002557
244#0000002569
244#000000257B
244#000000258D
188#00000000
244#000000259F
244#00000025B1
244#00000025C4
244#00000025D6
244#00000025E8
244#00000025FA
244#000000260C
244#000000261E
244#0000002630
244#0000002642
244#0000002654
244#0000002666
244#0000002679
244#000000268B
244#000000269D
244#00000026AF
244#00000026C1
244#00000026D3
244#00000026E5
244#00000026F7
244#0000002709
244#000000271C
244#000000272E
244#0000002740
244#0000002752
244#0000002764
244#0000002776
244#0000002788
244#000000279A
244#00000027AC
244#00000027BE
244#00000027D1
244#00000027E3
244#00000027F5
244#0000002807
244#00000027F5
244#00000027E3
244#00000027D1
244#00000027BE
188#00000000
244#00000027AC
244#000000279A
244#0000002788
244#0000002776
244#0000002764
244#0000002752
244#0000002740
244#000000272E
244#000000271C
244#0000002709
244#00000026F7
244#00000026E5
244#00000026D3
244#00000026C1
244#00000026AF
244#000000269D
244#000000268B
244#0000002679
244#0000002666
244#0000002654
244#0000002642
244#0000002630
244#000000261E
244#000000260C
244#00000025FA
244#00000025E8
244#00000025D6
244#00000025C4
244#00000025B1
244#000000259F
244#000000258D
244#000000257B
244#0000002569
244#0000002557
244#0000002545
244#0000002533
244#0000002521
188#00000000
244#000000250E
244#00000024FC
244#00000024EA
244#00000024D8
244#00000024C6
19B#00000F000000
244#00000024B4
244#00000024A2
244#0000002490
244#000000247E
244#000000246C
244#0000002459
244#0000002447
244#0000002435
244#0000002423
244#0000002411
244#00000023FF
244#00000023ED
244#00000023DB
244#00000023C9
244#00000023B6
244#00000023A4
244#0000002392
244#0000002380
244#000000236E
244#000000235C
244#000000234A
244#0000002338
244#0000002326
244#0000002314
244#0000002301
244#00000022EF
244#00000022DD
244#00000022CB
244#00000022B9
244#00000022A7
244#0000002295
244#0000002283
188#00000000
244#0000002271
244#000000225E
244#000000224C
244#000000223A
244#0000002228
244#0000002216
244#0000002204
244#00000021F2
244#00000021E0
244#00000021CE
244#00000021BC
244#00000021A9
244#0000002197
244#0000002185
244#0000002173
244#0000002161
244#000000214F
244#000000213D
244#000000212B
244#0000002119
244#0000002107
244#00000020F4
244#00000020E2
244#00000020D0
244#00000020BE
244#00000020AC
244#000000209A
244#0000002088
244#0000002076
244#0000002064
244#0000002051
244#000000203F
244#000000202D
244#000000201B
244#0000002009
244#0000001FF7
244#0000001FE5
244#0000001FD3
244#0000001FC1
188#00000000
244#0000001FAF
244#0000001F9C
244#0000001F8A
244#0000001F78
244#0000001F66
244#0000001F54
244#0000001F42
244#0000001F30
244#0000001F1E
244#0000001F0C
244#0000001EF9
244#0000001EE7
244#0000001ED5
244#0000001EC3
244#0000001EB1
244#0000001E9F
244#0000001E8D
244#0000001E7B
244#0000001E69
244#0000001E57
244#0000001E44
244#0000001E32
244#0000001E20
244#0000001E0E
244#0000001DFC
244#0000001DEA
244#0000001DD8
244#0000001DC6
244#0000001DB4
244#0000001DA1
244#0000001D8F
244#0000001D7D
244#0000001D6B
244#0000001D59
244#0000001D47
244#0000001D35
244#0000001D23
244#0000001D11
244#0000001CFF
244#0000001CEC
188#00000000
244#0000001CDA
244#0000001CC8
244#0000001CB6
244#0000001CA4
244#0000001C92
244#0000001C80
244#0000001C6E
244#0000001C5C
244#0000001C49
244#0000001C37
244#0000001C25
244#0000001C13
244#0000001C01
244#0000001BEF
244#0000001BDD
244#0000001BCB
244#0000001BB9
244#0000001BA7
244#0000001B94
244#0000001B82
244#0000001B70
244#0000001B5E
244#0000001B4C
244#0000001B3A
244#0000001B28
244#0000001B16
244#0000001B04
244#0000001AF1
244#0000001ADF
244#0000001ACD
244#0000001ABB
244#0000001AA9
244#0000001A97
244#0000001A85
244#0000001A73
244#0000001A61
244#0000001A4F
244#0000001A3C
188#00000000
244#0000001A2A
244#0000001A18
244#0000001A06
244#00000019F4
244#00000019E2
244#00000019D0
244#00000019BE
244#00000019AC
244#0000001999
244#0000001987
244#0000001975
244#0000001963
244#0000001951
244#000000193F
244#000000192D
244#000000191B
244#0000001909
244#00000018F7
244#00000018E4
244#00000018D2
244#00000018C0
244#00000018AE
244#000000189C
244#000000188A
244#0000001878
244#0000001866
244#0000001854
244#0000001841
244#000000182F
244#000000181D
244#000000180B
244#00000017F9
244#00000017E7
244#00000017D5
244#00000017C3
244#00000017B1
244#000000179F
244#000000178C
244#000000177A
188#00000000
244#0000001768
244#0000001756
244#0000001744
244#0000001732
244#0000001720
244#000000170E
244#00000016FC
244#00000016EA
244#00000016D7
244#00000016C5
244#00000016B3
244#00000016A1
244#000000168F
244#000000167D
244#000000166B
244#0000001659
244#0000001647
244#0000001634
244#0000001622
244#0000001610
244#00000015FE
244#00000015EC
244#00000015DA
244#00000015C8
244#00000015B6
244#00000015A4
244#0000001592
244#000000157F
244#000000156D
244#000000155B
244#0000001549
244#0000001537
244#0000001525
244#0000001513
244#0000001501
244#00000014EF
244#00000014DC
244#00000014CA
244#00000014B8
244#00000014A6
188#00000000
19B#000000000000
244#0000001494
244#0000001482
244#0000001470
244#000000145E
244#000000144C
244#000000143A
244#0000001427
244#0000001415
244#0000001403
244#00000013F1
244#00000013DF
244#00000013CD
244#00000013BB
244#00000013A9
244#0000001397
244#0000001384
244#0000001372
244#0000001360
244#000000134E
244#000000133C
244#000000132A
244#0000001318
244#0000001306
244#00000012F4
244#00000012E2
244#00000012CF
244#00000012BD
244#00000012AB
244#0000001299
244#0000001287
244#0000001275
244#0000001263
244#0000001251
244#000000123F
244#000000122C
244#000000121A
244#0000001208
244#00000011F6
244#00000011E4
244#00000011D2
188#00000000
244#00000011C0
244#00000011AE
244#000000119C
244#000000118A
244#0000001177
244#0000001165
244#0000001153
244#0000001141
244#000000112F
244#000000111D
244#000000110B
244#00000010F9
244#00000010E7
244#00000010D4
244#00000010C2
244#00000010B0
244#000000109E
244#000000108C
244#000000107A
244#0000001068
244#0000001056
244#0000001044
244#0000001032
244#000000101F
244#000000100D
244#0000000FFB
244#0000000FE9
244#0000000FD7
244#0000000FC5
244#0000000FB3
244#0000000FA1
244#0000000F8F
244#0000000F7C
244#0000000F6A
244#0000000F58
244#0000000F46
244#0000000F34
244#0000000F22
188#00000000
244#0000000F10
244#0000000EFE
244#0000000EEC
244#0000000EDA
244#0000000EC7
244#0000000EB5
244#0000000EA3
244#0000000E91
244#0000000E7F
244#0000000E6D
244#0000000E5B
244#0000000E49
244#0000000E37
244#0000000E24
244#0000000E12
244#0000000E00
244#0000000DEE
244#0000000DDC
244#0000000DCA
244#0000000DB8
244#0000000DA6
244#0000000D94
244#0000000D82
244#0000000D6F
244#0000000D5D
244#0000000D4B
244#0000000D39
244#0000000D27
244#0000000D15
244#0000000D03
244#0000000CF1
244#0000000CDF
244#0000000CCD
244#0000000CBA
244#0000000CA8
244#0000000C96
244#0000000C84
244#0000000C72
188#00000000
244#0000000C60
244#0000000C4E
244#0000000C3C
244#0000000C2A
244#0000000C17
244#0000000C05
244#0000000BF3
244#0000000BE1
244#0000000BCF
244#0000000BBD
244#0000000BAB
244#0000000B99
244#0000000B87
244#0000000B75
244#0000000B62
244#0000000B50
244#0000000B3E
244#0000000B2C
244#0000000B1A
244#0000000B08
244#0000000AF6
244#0000000AE4
244#0000000AD2
244#0000000ABF
244#0000000AAD
244#0000000A9B
244#0000000A89
244#0000000A77
244#0000000A65
244#0000000A53
244#0000000A41
244#0000000A2F
244#0000000A1D
244#0000000A0A
244#00000009F8
244#00000009E6
244#00000009D4
244#00000009C2
188#00000000
244#00000009B0
244#000000099E
244#000000098C
244#000000097A
244#0000000967
244#0000000955
244#0000000943
244#0000000931
244#000000091F
244#000000090D
244#00000008FB
244#00000008E9
244#00000008D7
244#00000008C5
244#00000008B2
244#00000008A0
244#000000088E
244#000000087C
244#000000086A
244#0000000858
244#0000000846
244#0000000834
244#0000000822
244#000000080F
244#00000007FD
244#00000007EB
244#00000007D9
244#00000007C7
244#00000007B5
244#00000007A3
244#0000000791
244#000000077F
244#000000076D
244#000000075A
244#0000000748
244#0000000736
244#0000000724
244#0000000712
244#0000000700
244#00000006EE
244#00000006DC
188#00000000
244#00000006CA
244#00000006B7
244#00000006A5
244#0000000693
244#0000000681
244#000000066F
244#000000065D
244#000000064B
244#0000000639
244#0000000627
244#0000000615
244#0000000602
244#00000005F0
244#00000005DE
244#00000005CC
244#00000005BA
244#00000005A8
244#0000000596
244#0000000584
244#0000000572
244#000000055F
244#000000054D
244#000000053B
244#0000000529
244#0000000517
244#0000000505
244#00000004F3
244#00000004E1
244#00000004CF
244#00000004BD
244#00000004AA
244#0000000498
244#0000000486
244#0000000474
244#0000000462
244#0000000450
244#000000043E
244#000000042C
244#000000041A
188#00000000
244#0000000407
244#00000003F5
244#00000003E3
244#00000003D1
244#00000003BF
244#00000003AD
244#000000039B
244#0000000389
244#0000000377
244#0000000365
244#0000000352
244#0000000340
244#000000032E
244#000000031C
244#000000030A
244#00000002F8
244#00000002E6
244#00000002D4
244#00000002C2
244#00000002AF
244#000000029D
244#000000028B
244#0000000279
244#0000000267
244#0000000255
244#0000000243
244#0000000231
244#000000021F
244#000000020D
244#00000001FA
244#00000001E8
244#00000001D6
244#00000001C4
244#00000001B2
244#00000001A0
244#000000018E
244#000000017C
244#000000016A
188#00000000
244#0000000157
244#0000000145
244#0000000133
244#0000000121
244#000000010F
244#00000000FD
244#00000000EB
244#00000000D9
244#00000000C7
244#00000000B5
244#00000000A2
244#0000000124
244#0000000119
244#000000014C
244#0000000110
244#00000001AB
244#0000000140
244#0000000167
244#000000012F
244#00000001EA
244#00000001EB
244#00000001A6
244#00000001D2
244#0000000155
244#0000000116
244#000000019F
244#000000018F
244#000000015C
244#000000013E
244#00000001AD
244#0000000151
244#0000000104
244#00000001F2
244#000000014E
244#00000001C8
244#000000012C
244#00000001B4
244#0000000156
188#00000000
244#000000019E
244#000000016B
244#0000000189
244#000000019D
244#00000001AB
244#000000013E
244#0000000186
244#0000000158
244#0000000186
244#00000001E2
244#00000001DB
244#00000001D2
244#00000001E8
244#0000000162
244#0000000114
244#0000000156
244#00000001D4
244#0000000146
244#0000000192
244#000000017F
244#0000000140
244#00000001ED
244#0000000147
244#00000001AE
244#000000018E
244#00000001D6
244#0000000199
244#0000000173
244#000000011E
244#000000016A
244#00000001E5
244#0000000159
244#0000000171
244#000000010A
244#0000000193
244#0000000138
244#0000000166
244#0000000135
19B#000000000000